2025-05-14T23:08:42.156266+0300 DEBUG Начало get_index_db
2025-05-14T23:09:01.319498+0300 DEBUG Создание новой FAISS базы из PDF
2025-05-14T23:09:19.551066+0300 DEBUG Поиск 3 самых релевантных чанков
2025-05-14T23:09:19.708304+0300 DEBUG Контекст сформирован
2025-05-14T23:09:19.708879+0300 DEBUG Генерация ответа от модели
2025-05-14T23:09:32.862553+0300 DEBUG Ответ модели: 1. Зам. изм № 5.
2. Управление окончательно забракованной продукцией ос уществляется в соответ- 
ствии с регламентом о порядке работы с НП и АН (приложение П).
2025-05-14T23:14:38.631778+0300 DEBUG Начало get_index_db
2025-05-14T23:14:56.056282+0300 DEBUG Загрузка существующей FAISS базы
2025-05-14T23:14:56.179851+0300 DEBUG Поиск 3 самых релевантных чанков
2025-05-14T23:15:05.053757+0300 DEBUG Контекст сформирован
2025-05-14T23:15:05.058734+0300 DEBUG Генерация ответа от модели
2025-05-14T23:15:21.045367+0300 DEBUG Ответ модели: 1. Зам. изм № 5.
2. Управление окончательно забракованной продукцией ос уществляется в соответ- 
ствии с регламентом о порядке работы с НП и АН (приложение П).
2025-05-14T23:16:08.805385+0300 DEBUG Начало get_index_db
2025-05-14T23:16:24.498747+0300 DEBUG Загрузка существующей FAISS базы
2025-05-14T23:16:24.614287+0300 DEBUG Поиск 3 самых релевантных чанков
2025-05-14T23:16:44.658403+0300 DEBUG Контекст сформирован
2025-05-14T23:16:44.659404+0300 DEBUG Генерация ответа от модели
2025-05-14T23:16:52.327695+0300 DEBUG Ответ модели: 1. Зам. изм № 5.
2. Управление окончательно забракованной продукцией ос уществляется в соответ- 
ствии с регламентом о порядке работы с НП и АН (приложение П).
2025-05-14T23:21:24.542855+0300 DEBUG Начало get_index_db
2025-05-14T23:21:40.963700+0300 DEBUG Загрузка существующей FAISS базы
2025-05-14T23:21:41.097332+0300 DEBUG Поиск 3 самых релевантных чанков
2025-05-14T23:21:51.572745+0300 DEBUG Контекст сформирован
2025-05-14T23:21:51.589216+0300 DEBUG Генерация ответа от модели
2025-05-14T23:21:58.872857+0300 DEBUG Ответ модели: К сожалению, вы не предоставили конкретный контекст или вопрос для ответа. Пожалуйста, уточните ваш запрос, чтобы я мог выполнить вашу просьбу.
2025-05-14T23:22:23.188326+0300 DEBUG Начало get_index_db
2025-05-14T23:22:37.858654+0300 DEBUG Загрузка существующей FAISS базы
2025-05-14T23:22:37.971029+0300 DEBUG Поиск 3 самых релевантных чанков
2025-05-14T23:22:46.153059+0300 DEBUG Контекст сформирован
2025-05-14T23:22:46.154010+0300 DEBUG Генерация ответа от модели
2025-05-14T23:22:52.892443+0300 DEBUG Ответ модели: К сожалению, вы не предоставили конкретный контекст или вопрос для ответа. Пожалуйста, уточните ваш запрос, чтобы я мог корректно выполнить вашу просьбу.
2025-05-14T23:28:28.110060+0300 DEBUG Начало get_index_db
2025-05-14T23:28:42.532311+0300 DEBUG Загрузка существующей FAISS базы
2025-05-14T23:28:42.675953+0300 DEBUG Поиск 3 самых релевантных чанков
2025-05-14T23:28:51.273669+0300 DEBUG Контекст сформирован
2025-05-14T23:28:51.290102+0300 DEBUG Генерация ответа от модели
2025-05-14T23:29:05.852210+0300 DEBUG Ответ модели: 1. Зам. изм № 5
2. Управление окончательно забракованной продукцией ос уществляется в соответ- 
ствии с регламентом о порядке работы с НП и АН (приложение П).
2025-05-17T01:39:12.938414+0300 DEBUG Начало get_index_db
2025-05-17T01:39:41.534615+0300 DEBUG Загрузка существующей FAISS базы
2025-05-17T01:39:42.292277+0300 DEBUG Поиск 3 самых релевантных чанков
2025-05-17T01:39:54.699999+0300 DEBUG Контекст сформирован
2025-05-17T01:39:54.711627+0300 DEBUG Генерация ответа от модели
2025-05-17T01:40:23.144702+0300 DEBUG Ответ модели: 1. Зам. изм № 5
2. Управление окончательно забракованной продукцией ос уществляется в соответ- 
ствии с регламентом о порядке работы с НП и АН (приложение П).
2025-05-17T02:19:21.849955+0300 DEBUG Начало get_index_db
2025-05-17T02:19:34.936792+0300 DEBUG Загрузка существующей FAISS базы
2025-05-17T02:19:35.073737+0300 DEBUG Поиск 3 самых релевантных чанков
2025-05-17T02:19:41.536359+0300 DEBUG Контекст сформирован
2025-05-17T02:19:41.536359+0300 DEBUG Генерация ответа от модели
2025-05-17T02:19:51.891835+0300 DEBUG Ответ модели: 1. Зам. изм № 5
2. Управление окончательно забракованной продукцией ос уществляется в соответ- 
ствии с регламентом о порядке работы с НП и АН (приложение П).
2025-05-17T02:19:58.521508+0300 DEBUG Начало get_index_db
2025-05-17T02:20:08.456345+0300 DEBUG Загрузка существующей FAISS базы
2025-05-17T02:20:08.494319+0300 DEBUG Поиск 3 самых релевантных чанков
2025-05-17T02:20:12.358805+0300 DEBUG Контекст сформирован
2025-05-17T02:20:12.359809+0300 DEBUG Генерация ответа от модели
2025-05-17T02:20:17.342835+0300 DEBUG Ответ модели: 1. Зам. изм № 5
2. Управление окончательно забракованной продукцией ос уществляется в соответ- 
ствии с регламентом о порядке работы с НП и АН (приложение П).
