2025-05-10T22:17:32.268262+0300 INFO Бот RPRZBot запущен.
2025-05-10T22:17:32.269238+0300 ERROR Ошибка: Токен бота не найден в файле .env! Переменная BOT_TOKEN не установлена.
2025-05-10T22:18:54.756913+0300 INFO Бот RPRZBot запущен.
2025-05-10T22:18:54.759006+0300 ERROR Ошибка: Токен бота не найден в файле .env! Переменная BOT_TOKEN не установлена.
2025-05-10T22:19:26.389703+0300 INFO Бот RPRZBot запущен.
2025-05-10T22:19:26.393692+0300 WARNING Список ADMIN_USER_IDS пуст или некорректен в файле .env! Некоторые команды могут быть недоступны.
2025-05-10T22:21:58.543678+0300 INFO Бот RPRZBot запущен.
2025-05-10T22:21:58.547677+0300 WARNING Список ADMIN_USER_IDS пуст или некорректен в файле .env! Некоторые команды могут быть недоступны.
2025-05-10T22:21:58.549678+0300 INFO Бот Telegram инициализирован.
2025-05-10T22:21:58.562679+0300 INFO База данных SQLite 'acts.db' инициализирована.
2025-05-10T22:21:58.563678+0300 INFO Начинаем инициализацию базы знаний RAG перед запуском бота...
2025-05-10T22:21:58.564677+0300 DEBUG Вызвана функция get_or_create_vector_db
2025-05-10T22:21:58.565678+0300 DEBUG Инициализация модели эмбеддингов: sentence-transformers/paraphrase-multilingual-MiniLM-L12-v2
2025-05-10T22:22:26.931274+0300 DEBUG Модель эмбеддингов успешно инициализирована.
2025-05-10T22:22:26.933274+0300 DEBUG Проверка наличия файла индекса: db/db_01\index.faiss
2025-05-10T22:22:26.934275+0300 INFO Найдена существующая векторная база данных. Загрузка...
2025-05-10T22:22:27.121974+0300 INFO Векторная база данных успешно загружена.
2025-05-10T22:22:27.123075+0300 INFO База знаний RAG успешно загружена или создана. Бот готов к работе с RAG.
2025-05-10T22:22:27.123583+0300 INFO Бот запускает пуллинг...
2025-05-10T22:22:30.248460+0300 INFO Получена команда /start от пользователя 898852116
2025-05-10T22:22:31.448270+0300 DEBUG Отправлено приветственное сообщение и главное меню пользователю 898852116
2025-05-10T22:22:51.590084+0300 INFO Получена команда /start от пользователя 898852116
2025-05-10T22:22:56.464486+0300 DEBUG Отправлено приветственное сообщение и главное меню пользователю 898852116
2025-05-10T22:22:59.322721+0300 INFO Пользователь 898852116 нажал кнопку 'Нейропомощник РПРЗ'.
2025-05-10T22:22:59.690142+0300 DEBUG Запрошен вопрос для RAG у пользователя 898852116
2025-05-10T22:23:04.959735+0300 INFO Получен вопрос пользователя 898852116 для RAG: "Назад"
2025-05-10T22:23:04.961456+0300 DEBUG Пользователь 898852116 нажал 'Назад' во время ввода вопроса для RAG.
2025-05-10T22:23:04.976905+0300 CRITICAL Критическая ошибка при инициализации базы знаний RAG и запуске бота: 'int' object has no attribute 'chat'
2025-05-10T22:27:14.611603+0300 INFO Бот RPRZBot запущен.
2025-05-10T22:27:14.617976+0300 WARNING Список ADMIN_USER_IDS пуст или некорректен в файле .env! Некоторые команды могут быть недоступны.
2025-05-10T22:27:14.619553+0300 INFO Бот Telegram инициализирован.
2025-05-10T22:27:14.620087+0300 CRITICAL Ошибка инициализации RAG: module 'rag_service' has no attribute 'initialize_rag'
2025-05-10T22:27:14.637291+0300 INFO База данных SQLite 'acts.db' инициализирована.
2025-05-10T22:27:14.638926+0300 INFO Начинаем инициализацию базы знаний RAG перед запуском бота...
2025-05-10T22:27:14.639923+0300 DEBUG Вызвана функция get_or_create_vector_db
2025-05-10T22:27:14.640923+0300 DEBUG Инициализация модели эмбеддингов: sentence-transformers/paraphrase-multilingual-MiniLM-L12-v2
2025-05-10T22:28:22.543459+0300 INFO Бот RPRZBot запущен.
2025-05-10T22:28:22.566953+0300 WARNING Список ADMIN_USER_IDS пуст или некорректен в файле .env! Некоторые команды могут быть недоступны.
2025-05-10T22:28:22.582829+0300 INFO Бот Telegram инициализирован.
2025-05-10T22:28:22.588736+0300 CRITICAL Ошибка инициализации RAG: module 'rag_service' has no attribute 'initialize_rag'
2025-05-10T22:28:22.618067+0300 INFO База данных SQLite 'acts.db' инициализирована.
2025-05-10T22:28:22.624943+0300 INFO Начинаем инициализацию базы знаний RAG перед запуском бота...
2025-05-10T22:28:22.628831+0300 DEBUG Вызвана функция get_or_create_vector_db
2025-05-10T22:28:22.636249+0300 DEBUG Инициализация модели эмбеддингов: sentence-transformers/paraphrase-multilingual-MiniLM-L12-v2
2025-05-10T22:28:55.983260+0300 DEBUG Модель эмбеддингов успешно инициализирована.
2025-05-10T22:28:55.986260+0300 DEBUG Проверка наличия файла индекса: db/db_01\index.faiss
2025-05-10T22:28:55.992071+0300 INFO Найдена существующая векторная база данных. Загрузка...
2025-05-10T22:28:56.119769+0300 INFO Векторная база данных успешно загружена.
2025-05-10T22:28:56.125770+0300 INFO База знаний RAG успешно загружена или создана. Бот готов к работе с RAG.
2025-05-10T22:28:56.128769+0300 INFO Бот запускает пуллинг...
2025-05-10T22:29:02.385024+0300 DEBUG Получено текстовое сообщение от 898852116: "Назад". Проверка в handle_text.
2025-05-10T22:29:02.385024+0300 DEBUG Получено текстовое сообщение от 898852116: "Назад". Проверка в handle_text.
2025-05-10T22:29:02.389111+0300 INFO Пользователь 898852116 нажал 'Назад'.
2025-05-10T22:29:02.402069+0300 INFO Пользователь 898852116 нажал 'Назад'.
2025-05-10T22:29:02.418302+0300 INFO Получена команда /start от пользователя 898852116
2025-05-10T22:29:02.418302+0300 CRITICAL Критическая ошибка при инициализации базы знаний RAG и запуске бота: 'int' object has no attribute 'chat'
2025-05-10T22:29:02.420265+0300 INFO Получена команда /start от пользователя 898852116
2025-05-10T22:29:42.113210+0300 INFO Бот RPRZBot запущен.
2025-05-10T22:29:42.116367+0300 WARNING Список ADMIN_USER_IDS пуст или некорректен в файле .env! Некоторые команды могут быть недоступны.
2025-05-10T22:29:42.121911+0300 INFO Бот Telegram инициализирован.
2025-05-10T22:29:42.124327+0300 CRITICAL Ошибка инициализации RAG: module 'rag_service' has no attribute 'initialize_rag'
2025-05-10T22:29:42.126439+0300 INFO База данных SQLite 'acts.db' инициализирована.
2025-05-10T22:29:42.128246+0300 INFO Начинаем инициализацию базы знаний RAG перед запуском бота...
2025-05-10T22:29:42.129290+0300 DEBUG Вызвана функция get_or_create_vector_db
2025-05-10T22:29:42.131891+0300 DEBUG Инициализация модели эмбеддингов: sentence-transformers/paraphrase-multilingual-MiniLM-L12-v2
2025-05-10T22:30:13.864213+0300 DEBUG Модель эмбеддингов успешно инициализирована.
2025-05-10T22:30:13.866196+0300 DEBUG Проверка наличия файла индекса: db/db_01\index.faiss
2025-05-10T22:30:13.867187+0300 INFO Найдена существующая векторная база данных. Загрузка...
2025-05-10T22:30:14.003470+0300 INFO Векторная база данных успешно загружена.
2025-05-10T22:30:14.004473+0300 INFO База знаний RAG успешно загружена или создана. Бот готов к работе с RAG.
2025-05-10T22:30:14.004473+0300 INFO Бот запускает пуллинг...
2025-05-10T22:30:18.835559+0300 DEBUG Получено текстовое сообщение от 898852116: "Назад". Проверка в handle_text.
2025-05-10T22:30:18.836072+0300 INFO Получена команда /start от пользователя 898852116
2025-05-10T22:30:18.839426+0300 INFO Пользователь 898852116 нажал 'Назад'.
2025-05-10T22:30:18.872047+0300 INFO Получена команда /start от пользователя 898852116
2025-05-10T22:30:18.873046+0300 CRITICAL Критическая ошибка при инициализации базы знаний RAG и запуске бота: 'int' object has no attribute 'chat'
2025-05-10T22:31:04.954192+0300 INFO Бот RPRZBot запущен.
2025-05-10T22:31:04.960196+0300 WARNING Список ADMIN_USER_IDS пуст или некорректен в файле .env! Некоторые команды могут быть недоступны.
2025-05-10T22:31:04.962194+0300 INFO Бот Telegram инициализирован.
2025-05-10T22:31:04.963195+0300 CRITICAL Ошибка инициализации RAG: module 'rag_service' has no attribute 'initialize_rag'
2025-05-10T22:31:04.965194+0300 INFO База данных SQLite 'acts.db' инициализирована.
2025-05-10T22:31:04.965194+0300 INFO Начинаем инициализацию базы знаний RAG перед запуском бота...
2025-05-10T22:31:04.966194+0300 DEBUG Вызвана функция get_or_create_vector_db
2025-05-10T22:31:04.966194+0300 DEBUG Инициализация модели эмбеддингов: sentence-transformers/paraphrase-multilingual-MiniLM-L12-v2
2025-05-10T22:31:38.624553+0300 DEBUG Модель эмбеддингов успешно инициализирована.
2025-05-10T22:31:38.625632+0300 DEBUG Проверка наличия файла индекса: db/db_01\index.faiss
2025-05-10T22:31:38.626204+0300 INFO Найдена существующая векторная база данных. Загрузка...
2025-05-10T22:31:38.749534+0300 INFO Векторная база данных успешно загружена.
2025-05-10T22:31:38.750088+0300 INFO База знаний RAG успешно загружена или создана. Бот готов к работе с RAG.
2025-05-10T22:31:38.751094+0300 INFO Бот запускает пуллинг...
2025-05-10T22:31:43.369758+0300 INFO Получена команда /start от пользователя 898852116
2025-05-10T22:31:43.369779+0300 INFO Получена команда /start от пользователя 898852116
2025-05-10T22:31:44.963696+0300 DEBUG Отправлено приветственное сообщение и главное меню пользователю 898852116
2025-05-10T22:31:44.993464+0300 DEBUG Отправлено приветственное сообщение и главное меню пользователю 898852116
2025-05-10T22:32:35.687848+0300 DEBUG Получено текстовое сообщение от 898852116: "📊Акты о браке". Проверка в handle_text.
2025-05-10T22:32:35.690090+0300 INFO Пользователь 898852116 нажал 'Акты о браке'.
2025-05-10T22:32:35.691698+0300 INFO Пользователь 898852116 запросил просмотр актов (страница 1).
2025-05-10T22:32:35.695527+0300 DEBUG Всего актов для пользователя 898852116: 7
2025-05-10T22:32:38.238829+0300 DEBUG Получен ввод после просмотра актов от 898852116: "2"
2025-05-10T22:32:38.241131+0300 DEBUG Пользователь 898852116 выбрал акт для просмотра фото: "2"
2025-05-10T22:32:38.258112+0300 CRITICAL Критическая ошибка при инициализации базы знаний RAG и запуске бота: 'int' object has no attribute 'chat'
2025-05-10T23:58:56.205105+0300 INFO Бот RPRZBot запущен.
2025-05-10T23:58:56.218643+0300 WARNING Список ADMIN_USER_IDS пуст или некорректен в файле .env! Некоторые команды могут быть недоступны.
2025-05-10T23:58:56.225560+0300 INFO Бот Telegram инициализирован с поддержкой state_storage.
2025-05-10T23:58:56.248411+0300 ERROR Ошибка инициализации базы данных SQLite: database disk image is malformed
2025-05-10T23:58:56.252510+0300 INFO Начинаем инициализацию базы знаний RAG перед запуском бота...
2025-05-10T23:58:56.255634+0300 DEBUG Вызвана функция get_or_create_vector_db
2025-05-10T23:58:56.260224+0300 DEBUG Инициализация модели эмбеддингов: sentence-transformers/paraphrase-multilingual-MiniLM-L12-v2
2025-05-10T23:59:22.989632+0300 DEBUG Модель эмбеддингов успешно инициализирована.
2025-05-10T23:59:22.990161+0300 DEBUG Проверка наличия файла индекса: db/db_01\index.faiss
2025-05-10T23:59:22.991217+0300 INFO Найдена существующая векторная база данных. Загрузка...
2025-05-10T23:59:23.135879+0300 INFO Векторная база данных успешно загружена.
2025-05-10T23:59:23.136856+0300 INFO База знаний RAG успешно загружена или создана. Бот готов к работе с RAG.
2025-05-10T23:59:23.137854+0300 INFO Бот запускает пуллинг...
2025-05-11T00:00:10.759239+0300 DEBUG Получено текстовое сообщение от 898852116: "Назад". Проверка в handle_text.
2025-05-11T00:00:10.761523+0300 INFO Пользователь 898852116 нажал 'Назад'.
2025-05-11T00:00:10.768922+0300 CRITICAL Критическая ошибка при инициализации базы знаний RAG и запуске бота: 'int' object has no attribute 'chat'
2025-05-11T00:05:30.230914+0300 INFO Бот RPRZBot запущен.
2025-05-11T00:05:30.232912+0300 WARNING Список ADMIN_USER_IDS пуст или некорректен в файле .env! Некоторые команды могут быть недоступны.
2025-05-11T00:05:30.234912+0300 INFO Бот Telegram инициализирован с поддержкой state_storage.
2025-05-11T00:05:30.246911+0300 ERROR Ошибка инициализации базы данных SQLite: database disk image is malformed
2025-05-11T00:05:30.247911+0300 INFO Начинаем инициализацию базы знаний RAG перед запуском бота...
2025-05-11T00:05:30.248920+0300 DEBUG Вызвана функция get_or_create_vector_db
2025-05-11T00:05:30.249912+0300 DEBUG Инициализация модели эмбеддингов: sentence-transformers/paraphrase-multilingual-MiniLM-L12-v2
2025-05-11T00:05:52.442702+0300 DEBUG Модель эмбеддингов успешно инициализирована.
2025-05-11T00:05:52.443757+0300 DEBUG Проверка наличия файла индекса: db/db_01\index.faiss
2025-05-11T00:05:52.444316+0300 INFO Найдена существующая векторная база данных. Загрузка...
2025-05-11T00:05:52.588971+0300 INFO Векторная база данных успешно загружена.
2025-05-11T00:05:52.589914+0300 INFO База знаний RAG успешно загружена или создана. Бот готов к работе с RAG.
2025-05-11T00:05:52.589914+0300 INFO Бот запускает пуллинг...
2025-05-11T00:08:25.241066+0300 INFO Получена команда /start от пользователя 898852116
2025-05-11T00:08:25.253542+0300 CRITICAL Критическая ошибка при инициализации базы знаний RAG и запуске бота: 'int' object has no attribute 'chat'
2025-05-11T00:11:21.779362+0300 INFO Бот RPRZBot запущен.
2025-05-11T00:11:21.781622+0300 WARNING Список ADMIN_USER_IDS пуст или некорректен в файле .env! Некоторые команды могут быть недоступны.
2025-05-11T00:11:21.783360+0300 INFO Бот Telegram инициализирован с поддержкой state_storage.
2025-05-11T00:11:21.795362+0300 ERROR Ошибка инициализации базы данных SQLite: database disk image is malformed
2025-05-11T00:11:21.796361+0300 INFO Начинаем инициализацию базы знаний RAG перед запуском бота...
2025-05-11T00:11:21.797362+0300 DEBUG Вызвана функция get_or_create_vector_db
2025-05-11T00:11:21.798365+0300 DEBUG Инициализация модели эмбеддингов: sentence-transformers/paraphrase-multilingual-MiniLM-L12-v2
2025-05-11T00:11:41.388577+0300 DEBUG Модель эмбеддингов успешно инициализирована.
2025-05-11T00:11:41.389580+0300 DEBUG Проверка наличия файла индекса: db/db_01\index.faiss
2025-05-11T00:11:41.390579+0300 INFO Найдена существующая векторная база данных. Загрузка...
2025-05-11T00:11:41.511597+0300 INFO Векторная база данных успешно загружена.
2025-05-11T00:11:41.512597+0300 INFO База знаний RAG успешно загружена или создана. Бот готов к работе с RAG.
2025-05-11T00:11:41.515596+0300 INFO Бот запускает пуллинг...
2025-05-11T00:11:44.151321+0300 INFO Получена команда /start от пользователя 898852116
2025-05-11T00:11:44.169846+0300 CRITICAL Критическая ошибка при инициализации базы знаний RAG и запуске бота: 'int' object has no attribute 'chat'
2025-05-11T00:13:39.659014+0300 INFO Бот RPRZBot запущен.
2025-05-11T00:13:39.667007+0300 WARNING Список ADMIN_USER_IDS пуст или некорректен в файле .env! Некоторые команды могут быть недоступны.
2025-05-11T00:13:39.681316+0300 INFO Бот Telegram инициализирован с поддержкой state_storage.
2025-05-11T00:13:39.709696+0300 ERROR Ошибка инициализации базы данных SQLite: database disk image is malformed
2025-05-11T00:13:39.710676+0300 INFO Начинаем инициализацию базы знаний RAG перед запуском бота...
2025-05-11T00:13:39.711686+0300 DEBUG Вызвана функция get_or_create_vector_db
2025-05-11T00:13:39.712674+0300 DEBUG Инициализация модели эмбеддингов: sentence-transformers/paraphrase-multilingual-MiniLM-L12-v2
2025-05-11T00:14:02.649731+0300 DEBUG Модель эмбеддингов успешно инициализирована.
2025-05-11T00:14:02.650698+0300 DEBUG Проверка наличия файла индекса: db/db_01\index.faiss
2025-05-11T00:14:02.651695+0300 INFO Найдена существующая векторная база данных. Загрузка...
2025-05-11T00:14:02.778809+0300 INFO Векторная база данных успешно загружена.
2025-05-11T00:14:02.782808+0300 INFO База знаний RAG успешно загружена или создана. Бот готов к работе с RAG.
2025-05-11T00:14:02.783853+0300 INFO Бот запускает пуллинг...
2025-05-11T00:15:49.416776+0300 INFO Получена команда /start от пользователя 898852116
2025-05-11T00:15:49.427779+0300 CRITICAL Критическая ошибка при инициализации базы знаний RAG и запуске бота: 'int' object has no attribute 'chat'
2025-05-11T00:25:43.746561+0300 INFO Бот RPRZBot запущен.
2025-05-11T00:25:43.754575+0300 WARNING Список ADMIN_USER_IDS пуст или некорректен в файле .env! Некоторые команды могут быть недоступны.
2025-05-11T00:25:43.764564+0300 INFO Бот Telegram инициализирован с поддержкой state_storage.
2025-05-11T00:25:43.786562+0300 ERROR Ошибка инициализации базы данных SQLite: database disk image is malformed
2025-05-11T00:25:43.787566+0300 INFO Начинаем инициализацию базы знаний RAG перед запуском бота...
2025-05-11T00:25:43.789562+0300 DEBUG Вызвана функция get_or_create_vector_db
2025-05-11T00:25:43.790565+0300 DEBUG Инициализация модели эмбеддингов: sentence-transformers/paraphrase-multilingual-MiniLM-L12-v2
2025-05-11T00:26:10.918611+0300 DEBUG Модель эмбеддингов успешно инициализирована.
2025-05-11T00:26:10.923610+0300 DEBUG Проверка наличия файла индекса: db/db_01\index.faiss
2025-05-11T00:26:10.926608+0300 INFO Найдена существующая векторная база данных. Загрузка...
2025-05-11T00:26:11.379813+0300 INFO Векторная база данных успешно загружена.
2025-05-11T00:26:11.380813+0300 INFO База знаний RAG успешно загружена или создана. Бот готов к работе с RAG.
2025-05-11T00:26:11.382827+0300 INFO Бот запускает пуллинг...
2025-05-11T00:26:28.836484+0300 INFO Получена команда /start от пользователя 898852116
2025-05-11T00:26:29.420918+0300 CRITICAL Критическая ошибка при инициализации базы знаний RAG и запуске бота: 'int' object has no attribute 'chat'
2025-05-11T00:28:10.394778+0300 INFO Бот RPRZBot запущен.
2025-05-11T00:28:10.397778+0300 WARNING Список ADMIN_USER_IDS пуст или некорректен в файле .env! Некоторые команды могут быть недоступны.
2025-05-11T00:28:10.399795+0300 INFO Бот Telegram инициализирован с поддержкой state_storage.
2025-05-11T00:28:10.411779+0300 ERROR Ошибка инициализации базы данных SQLite: database disk image is malformed
2025-05-11T00:28:10.412780+0300 INFO Начинаем инициализацию базы знаний RAG перед запуском бота...
2025-05-11T00:28:10.413780+0300 DEBUG Вызвана функция get_or_create_vector_db
2025-05-11T00:28:10.413780+0300 DEBUG Инициализация модели эмбеддингов: sentence-transformers/paraphrase-multilingual-MiniLM-L12-v2
2025-05-11T00:28:35.570881+0300 DEBUG Модель эмбеддингов успешно инициализирована.
2025-05-11T00:28:35.572567+0300 DEBUG Проверка наличия файла индекса: db/db_01\index.faiss
2025-05-11T00:28:35.576962+0300 INFO Найдена существующая векторная база данных. Загрузка...
2025-05-11T00:28:35.761605+0300 INFO Векторная база данных успешно загружена.
2025-05-11T00:28:35.763607+0300 INFO База знаний RAG успешно загружена или создана. Бот готов к работе с RAG.
2025-05-11T00:28:35.764610+0300 INFO Бот запускает пуллинг...
2025-05-11T00:28:39.676529+0300 INFO Получена команда /start от пользователя 898852116
2025-05-11T00:28:39.677114+0300 INFO Получена команда /start от пользователя 898852116
2025-05-11T00:28:40.444875+0300 CRITICAL Критическая ошибка при инициализации базы знаний RAG и запуске бота: 'int' object has no attribute 'chat'
2025-05-11T15:36:11.311153+0300 INFO Бот RPRZBot запущен.
2025-05-11T15:48:08.456152+0300 INFO Бот RPRZBot запущен.
2025-05-11T15:48:08.459304+0300 WARNING Список ADMIN_USER_IDS пуст или некорректен в файле .env! Некоторые команды могут быть недоступны.
2025-05-11T15:48:08.478376+0300 INFO База данных SQLite 'acts.db' инициализирована.
2025-05-11T15:48:08.479252+0300 INFO Начинаем инициализацию базы знаний RAG перед запуском бота...
2025-05-11T15:48:08.480254+0300 DEBUG Вызвана функция get_or_create_vector_db
2025-05-11T15:48:08.481431+0300 DEBUG Инициализация модели эмбеддингов: sentence-transformers/paraphrase-multilingual-MiniLM-L12-v2
2025-05-11T15:48:33.170608+0300 DEBUG Модель эмбеддингов успешно инициализирована.
2025-05-11T15:48:33.171720+0300 DEBUG Проверка наличия файла индекса: db/db_01\index.faiss
2025-05-11T15:48:33.173131+0300 INFO Найдена существующая векторная база данных. Загрузка...
2025-05-11T15:48:33.320397+0300 INFO Векторная база данных успешно загружена.
2025-05-11T15:48:33.321452+0300 INFO База знаний RAG успешно загружена или создана. Бот готов к работе с RAG.
2025-05-11T15:48:33.322147+0300 INFO Бот запускает пуллинг...
2025-05-11T15:48:34.072484+0300 INFO Получена команда /start от пользователя 898852116
2025-05-11T15:48:34.090797+0300 CRITICAL Критическая ошибка при инициализации базы знаний RAG и запуске бота: 'int' object has no attribute 'chat'
2025-05-11T16:25:05.516870+0300 INFO Бот RPRZBot запущен.
2025-05-11T16:25:05.521684+0300 WARNING Список ADMIN_USER_IDS пуст или некорректен в файле .env! Некоторые команды могут быть недоступны.
2025-05-11T16:25:05.533965+0300 INFO База данных SQLite 'acts.db' инициализирована.
2025-05-11T16:25:05.534914+0300 INFO Начинаем инициализацию базы знаний RAG перед запуском бота...
2025-05-11T16:25:05.537923+0300 DEBUG Вызвана функция get_or_create_vector_db
2025-05-11T16:25:05.538923+0300 DEBUG Инициализация модели эмбеддингов: sentence-transformers/paraphrase-multilingual-MiniLM-L12-v2
2025-05-11T16:25:23.254760+0300 DEBUG Модель эмбеддингов успешно инициализирована.
2025-05-11T16:25:23.256337+0300 DEBUG Проверка наличия файла индекса: db/db_01\index.faiss
2025-05-11T16:25:23.259471+0300 INFO Найдена существующая векторная база данных. Загрузка...
2025-05-11T16:25:23.399212+0300 INFO Векторная база данных успешно загружена.
2025-05-11T16:25:23.400076+0300 INFO База знаний RAG успешно загружена или создана. Бот готов к работе с RAG.
2025-05-11T16:25:23.401093+0300 INFO Бот запускает пуллинг...
2025-05-11T16:25:24.266945+0300 INFO Получена команда /start от пользователя 898852116
2025-05-11T16:25:24.267460+0300 INFO Получена команда /start от пользователя 898852116
2025-05-11T16:25:24.280154+0300 INFO Получена команда /start от пользователя 898852116
2025-05-11T16:25:24.280825+0300 CRITICAL Критическая ошибка при инициализации базы знаний RAG и запуске бота: 'int' object has no attribute 'chat'
2025-05-11T16:25:24.282920+0300 INFO Получена команда /start от пользователя 898852116
2025-05-11T16:25:51.858232+0300 INFO Бот RPRZBot запущен.
2025-05-11T16:25:51.860712+0300 WARNING Список ADMIN_USER_IDS пуст или некорректен в файле .env! Некоторые команды могут быть недоступны.
2025-05-11T16:25:51.865865+0300 INFO База данных SQLite 'acts.db' инициализирована.
2025-05-11T16:25:51.867854+0300 INFO Начинаем инициализацию базы знаний RAG перед запуском бота...
2025-05-11T16:25:51.868857+0300 DEBUG Вызвана функция get_or_create_vector_db
2025-05-11T16:25:51.869868+0300 DEBUG Инициализация модели эмбеддингов: sentence-transformers/paraphrase-multilingual-MiniLM-L12-v2
2025-05-11T16:26:06.680700+0300 DEBUG Модель эмбеддингов успешно инициализирована.
2025-05-11T16:26:06.681664+0300 DEBUG Проверка наличия файла индекса: db/db_01\index.faiss
2025-05-11T16:26:06.682674+0300 INFO Найдена существующая векторная база данных. Загрузка...
2025-05-11T16:26:06.828976+0300 INFO Векторная база данных успешно загружена.
2025-05-11T16:26:06.830229+0300 INFO База знаний RAG успешно загружена или создана. Бот готов к работе с RAG.
2025-05-11T16:26:06.831293+0300 INFO Бот запускает пуллинг...
2025-05-11T16:27:16.713772+0300 INFO Бот остановлен.
