2025-05-10T23:09:56.685048+0300 INFO Бот RPRZBot запущен.
2025-05-10T23:09:56.694049+0300 WARNING Список ADMIN_USER_IDS пуст или некорректен в файле .env! Некоторые команды могут быть недоступны.
2025-05-10T23:09:56.695049+0300 INFO Бот Telegram инициализирован с поддержкой state_storage.
2025-05-10T23:09:56.732046+0300 INFO База данных SQLite 'acts.db' инициализирована.
2025-05-10T23:09:56.733044+0300 INFO Начинаем инициализацию базы знаний RAG перед запуском бота...
2025-05-10T23:09:56.733044+0300 DEBUG Вызвана функция get_or_create_vector_db
2025-05-10T23:09:56.733044+0300 DEBUG Инициализация модели эмбеддингов: sentence-transformers/paraphrase-multilingual-MiniLM-L12-v2
2025-05-10T23:09:56.737049+0300 ERROR Ошибка инициализации модели эмбеддингов sentence-transformers/paraphrase-multilingual-MiniLM-L12-v2: Could not import sentence_transformers python package. Please install it with `pip install sentence-transformers`.
2025-05-10T23:09:56.738045+0300 ERROR Не удалось загрузить или создать базу знаний RAG! Бот не будет запущен с RAG функционалом.
2025-05-10T23:14:00.694931+0300 INFO Бот RPRZBot запущен.
2025-05-10T23:14:00.699933+0300 WARNING Список ADMIN_USER_IDS пуст или некорректен в файле .env! Некоторые команды могут быть недоступны.
2025-05-10T23:14:00.701932+0300 INFO Бот Telegram инициализирован с поддержкой state_storage.
2025-05-10T23:14:00.737931+0300 INFO База данных SQLite 'acts.db' инициализирована.
2025-05-10T23:14:00.739932+0300 INFO Начинаем инициализацию базы знаний RAG перед запуском бота...
2025-05-10T23:14:00.739932+0300 DEBUG Вызвана функция get_or_create_vector_db
2025-05-10T23:14:00.739932+0300 DEBUG Инициализация модели эмбеддингов: sentence-transformers/paraphrase-multilingual-MiniLM-L12-v2
2025-05-10T23:14:00.754275+0300 ERROR Ошибка инициализации модели эмбеддингов sentence-transformers/paraphrase-multilingual-MiniLM-L12-v2: Could not import sentence_transformers python package. Please install it with `pip install sentence-transformers`.
2025-05-10T23:14:00.755275+0300 ERROR Не удалось загрузить или создать базу знаний RAG! Бот не будет запущен с RAG функционалом.
2025-05-10T23:15:34.395976+0300 INFO Бот RPRZBot запущен.
2025-05-10T23:15:34.482582+0300 WARNING Список ADMIN_USER_IDS пуст или некорректен в файле .env! Некоторые команды могут быть недоступны.
2025-05-10T23:15:34.543409+0300 INFO Бот Telegram инициализирован с поддержкой state_storage.
2025-05-10T23:15:34.577178+0300 INFO База данных SQLite 'acts.db' инициализирована.
2025-05-10T23:15:34.580390+0300 INFO Начинаем инициализацию базы знаний RAG перед запуском бота...
2025-05-10T23:15:34.581396+0300 DEBUG Вызвана функция get_or_create_vector_db
2025-05-10T23:15:34.583396+0300 DEBUG Инициализация модели эмбеддингов: sentence-transformers/paraphrase-multilingual-MiniLM-L12-v2
2025-05-10T23:15:34.598397+0300 ERROR Ошибка инициализации модели эмбеддингов sentence-transformers/paraphrase-multilingual-MiniLM-L12-v2: Could not import sentence_transformers python package. Please install it with `pip install sentence-transformers`.
2025-05-10T23:15:34.600397+0300 ERROR Не удалось загрузить или создать базу знаний RAG! Бот не будет запущен с RAG функционалом.
2025-05-10T23:15:36.033912+0300 INFO Бот RPRZBot запущен.
2025-05-10T23:15:36.064350+0300 WARNING Список ADMIN_USER_IDS пуст или некорректен в файле .env! Некоторые команды могут быть недоступны.
2025-05-10T23:15:36.070351+0300 INFO Бот Telegram инициализирован с поддержкой state_storage.
2025-05-10T23:15:36.075350+0300 INFO База данных SQLite 'acts.db' инициализирована.
2025-05-10T23:15:36.077351+0300 INFO Начинаем инициализацию базы знаний RAG перед запуском бота...
2025-05-10T23:15:36.078351+0300 DEBUG Вызвана функция get_or_create_vector_db
2025-05-10T23:15:36.079351+0300 DEBUG Инициализация модели эмбеддингов: sentence-transformers/paraphrase-multilingual-MiniLM-L12-v2
2025-05-10T23:15:36.085350+0300 ERROR Ошибка инициализации модели эмбеддингов sentence-transformers/paraphrase-multilingual-MiniLM-L12-v2: Could not import sentence_transformers python package. Please install it with `pip install sentence-transformers`.
2025-05-10T23:15:36.086352+0300 ERROR Не удалось загрузить или создать базу знаний RAG! Бот не будет запущен с RAG функционалом.
2025-05-10T23:32:06.394014+0300 INFO Бот RPRZBot запущен.
2025-05-10T23:32:06.396016+0300 WARNING Список ADMIN_USER_IDS пуст или некорректен в файле .env! Некоторые команды могут быть недоступны.
2025-05-10T23:32:06.397050+0300 INFO Бот Telegram инициализирован с поддержкой state_storage.
2025-05-10T23:32:06.412154+0300 INFO База данных SQLite 'acts.db' инициализирована.
2025-05-10T23:32:06.413055+0300 INFO Начинаем инициализацию базы знаний RAG перед запуском бота...
2025-05-10T23:32:06.413055+0300 DEBUG Вызвана функция get_or_create_vector_db
2025-05-10T23:32:06.413055+0300 DEBUG Инициализация модели эмбеддингов: sentence-transformers/paraphrase-multilingual-MiniLM-L12-v2
2025-05-10T23:32:27.301031+0300 DEBUG Модель эмбеддингов успешно инициализирована.
2025-05-10T23:32:27.304029+0300 DEBUG Проверка наличия файла индекса: db/db_01\index.faiss
2025-05-10T23:32:27.306048+0300 INFO Существующая векторная база данных не найдена. Создание новой...
2025-05-10T23:32:27.307018+0300 ERROR Папка с PDF документами не найдена: pdf
2025-05-10T23:32:27.307018+0300 ERROR Невозможно создать базу знаний без документов.
2025-05-10T23:32:27.307018+0300 ERROR Не удалось загрузить или создать базу знаний RAG! Бот не будет запущен с RAG функционалом.
2025-05-10T23:37:59.765382+0300 INFO Бот RPRZBot запущен.
2025-05-10T23:37:59.767381+0300 WARNING Список ADMIN_USER_IDS пуст или некорректен в файле .env! Некоторые команды могут быть недоступны.
2025-05-10T23:37:59.768382+0300 INFO Бот Telegram инициализирован с поддержкой state_storage.
2025-05-10T23:37:59.778380+0300 INFO База данных SQLite 'acts.db' инициализирована.
2025-05-10T23:37:59.779382+0300 INFO Начинаем инициализацию базы знаний RAG перед запуском бота...
2025-05-10T23:37:59.779382+0300 DEBUG Вызвана функция get_or_create_vector_db
2025-05-10T23:37:59.779382+0300 DEBUG Инициализация модели эмбеддингов: sentence-transformers/paraphrase-multilingual-MiniLM-L12-v2
2025-05-10T23:38:15.483587+0300 DEBUG Модель эмбеддингов успешно инициализирована.
2025-05-10T23:38:15.484592+0300 DEBUG Проверка наличия файла индекса: db/db_01\index.faiss
2025-05-10T23:38:15.484592+0300 INFO Существующая векторная база данных не найдена. Создание новой...
2025-05-10T23:38:15.484592+0300 DEBUG Загрузка документов из папки: ../pdf
2025-05-10T23:38:15.484592+0300 DEBUG Загрузка файла: ../pdf\СТП РПРЗ 006.pdf
2025-05-10T23:38:15.532254+0300 ERROR Ошибка загрузки PDF файла ../pdf\СТП РПРЗ 006.pdf: `pypdf` package not found, please install it with `pip install pypdf`
2025-05-10T23:38:15.533263+0300 INFO Всего загружено страниц из PDF документов: 0
2025-05-10T23:38:15.533263+0300 WARNING Не найдено подходящих PDF документов для создания базы.
2025-05-10T23:38:15.533263+0300 ERROR Не удалось загрузить или создать базу знаний RAG! Бот не будет запущен с RAG функционалом.
2025-05-10T23:39:40.155204+0300 INFO Бот RPRZBot запущен.
2025-05-10T23:39:40.157055+0300 WARNING Список ADMIN_USER_IDS пуст или некорректен в файле .env! Некоторые команды могут быть недоступны.
2025-05-10T23:39:40.159065+0300 INFO Бот Telegram инициализирован с поддержкой state_storage.
2025-05-10T23:39:40.160064+0300 INFO База данных SQLite 'acts.db' инициализирована.
2025-05-10T23:39:40.160064+0300 INFO Начинаем инициализацию базы знаний RAG перед запуском бота...
2025-05-10T23:39:40.160064+0300 DEBUG Вызвана функция get_or_create_vector_db
2025-05-10T23:39:40.161066+0300 DEBUG Инициализация модели эмбеддингов: sentence-transformers/paraphrase-multilingual-MiniLM-L12-v2
2025-05-10T23:39:55.277865+0300 DEBUG Модель эмбеддингов успешно инициализирована.
2025-05-10T23:39:55.278867+0300 DEBUG Проверка наличия файла индекса: db/db_01\index.faiss
2025-05-10T23:39:55.278867+0300 INFO Существующая векторная база данных не найдена. Создание новой...
2025-05-10T23:39:55.278867+0300 DEBUG Загрузка документов из папки: ../pdf
2025-05-10T23:39:55.278867+0300 DEBUG Загрузка файла: ../pdf\СТП РПРЗ 006.pdf
2025-05-10T23:39:58.061683+0300 DEBUG Успешно загружен файл: ../pdf\СТП РПРЗ 006.pdf
2025-05-10T23:39:58.061683+0300 INFO Всего загружено страниц из PDF документов: 56
2025-05-10T23:39:58.062685+0300 DEBUG Разделение загруженных документов на чанки...
2025-05-10T23:39:58.067683+0300 INFO Всего получено чанков после разделения: 127
2025-05-10T23:39:58.067683+0300 DEBUG Создание векторной базы данных из чанков и эмбеддингов...
2025-05-10T23:40:03.547435+0300 ERROR Ошибка при создании векторной базы данных FAISS: Could not import faiss python package. Please install it with `pip install faiss-gpu` (for CUDA supported GPU) or `pip install faiss-cpu` (depending on Python version).
2025-05-10T23:40:03.548436+0300 ERROR Не удалось загрузить или создать базу знаний RAG! Бот не будет запущен с RAG функционалом.
2025-05-10T23:41:05.303134+0300 INFO Бот RPRZBot запущен.
2025-05-10T23:41:05.305134+0300 WARNING Список ADMIN_USER_IDS пуст или некорректен в файле .env! Некоторые команды могут быть недоступны.
2025-05-10T23:41:05.307133+0300 INFO Бот Telegram инициализирован с поддержкой state_storage.
2025-05-10T23:41:05.308168+0300 INFO База данных SQLite 'acts.db' инициализирована.
2025-05-10T23:41:05.308168+0300 INFO Начинаем инициализацию базы знаний RAG перед запуском бота...
2025-05-10T23:41:05.308168+0300 DEBUG Вызвана функция get_or_create_vector_db
2025-05-10T23:41:05.308168+0300 DEBUG Инициализация модели эмбеддингов: sentence-transformers/paraphrase-multilingual-MiniLM-L12-v2
2025-05-10T23:41:22.951667+0300 DEBUG Модель эмбеддингов успешно инициализирована.
2025-05-10T23:41:22.951667+0300 DEBUG Проверка наличия файла индекса: db/db_01\index.faiss
2025-05-10T23:41:22.951667+0300 INFO Существующая векторная база данных не найдена. Создание новой...
2025-05-10T23:41:22.951667+0300 DEBUG Загрузка документов из папки: ../pdf
2025-05-10T23:41:22.951667+0300 DEBUG Загрузка файла: ../pdf\СТП РПРЗ 006.pdf
2025-05-10T23:41:25.684158+0300 DEBUG Успешно загружен файл: ../pdf\СТП РПРЗ 006.pdf
2025-05-10T23:41:25.684158+0300 INFO Всего загружено страниц из PDF документов: 56
2025-05-10T23:41:25.684158+0300 DEBUG Разделение загруженных документов на чанки...
2025-05-10T23:41:25.690159+0300 INFO Всего получено чанков после разделения: 127
2025-05-10T23:41:25.690159+0300 DEBUG Создание векторной базы данных из чанков и эмбеддингов...
2025-05-10T23:41:31.453983+0300 INFO Векторная база данных успешно создана.
2025-05-10T23:41:31.453983+0300 DEBUG Сохранение векторной базы данных в файл: db/db_01
2025-05-10T23:41:31.457983+0300 INFO Векторная база данных успешно сохранена.
2025-05-10T23:41:31.458982+0300 INFO База знаний RAG успешно загружена или создана. Бот готов к работе с RAG.
2025-05-10T23:41:31.458982+0300 INFO Бот запускает пуллинг...
2025-05-10T23:41:34.128360+0300 DEBUG Получено текстовое сообщение от 898852116: "2". Проверка в handle_text.
2025-05-10T23:41:34.128841+0300 DEBUG Получено текстовое сообщение от 898852116: "333". Проверка в handle_text.
2025-05-10T23:41:34.128841+0300 DEBUG Получено неопознанное текстовое сообщение от 898852116: "2"
2025-05-10T23:41:34.129367+0300 DEBUG Получено неопознанное текстовое сообщение от 898852116: "333"
2025-05-10T23:41:35.410902+0300 DEBUG Получено текстовое сообщение от 898852116: "1". Проверка в handle_text.
2025-05-10T23:41:35.410902+0300 DEBUG Получено неопознанное текстовое сообщение от 898852116: "1"
2025-05-10T23:41:35.428298+0300 DEBUG Получено текстовое сообщение от 898852116: "1". Проверка в handle_text.
2025-05-10T23:41:35.428298+0300 DEBUG Получено неопознанное текстовое сообщение от 898852116: "1"
2025-05-10T23:41:35.838583+0300 DEBUG Получено текстовое сообщение от 898852116: "Назад". Проверка в handle_text.
2025-05-10T23:41:35.838583+0300 INFO Пользователь 898852116 нажал 'Назад'.
2025-05-10T23:41:35.854301+0300 DEBUG Получено текстовое сообщение от 898852116: "Назад". Проверка в handle_text.
2025-05-10T23:41:35.854805+0300 INFO Пользователь 898852116 нажал 'Назад'.
2025-05-10T23:41:35.917256+0300 DEBUG Получено текстовое сообщение от 898852116: "Назад". Проверка в handle_text.
2025-05-10T23:41:35.918254+0300 CRITICAL Критическая ошибка при инициализации базы знаний RAG и запуске бота: 'int' object has no attribute 'chat'
2025-05-10T23:41:35.918254+0300 INFO Пользователь 898852116 нажал 'Назад'.
2025-05-10T23:44:10.536117+0300 INFO Бот RPRZBot запущен.
2025-05-10T23:44:10.538118+0300 WARNING Список ADMIN_USER_IDS пуст или некорректен в файле .env! Некоторые команды могут быть недоступны.
2025-05-10T23:44:10.541133+0300 INFO Бот Telegram инициализирован с поддержкой state_storage.
2025-05-10T23:44:10.551114+0300 INFO База данных SQLite 'acts.db' инициализирована.
2025-05-10T23:44:10.551114+0300 INFO Начинаем инициализацию базы знаний RAG перед запуском бота...
2025-05-10T23:44:10.551114+0300 DEBUG Вызвана функция get_or_create_vector_db
2025-05-10T23:44:10.552111+0300 DEBUG Инициализация модели эмбеддингов: sentence-transformers/paraphrase-multilingual-MiniLM-L12-v2
2025-05-10T23:44:26.310576+0300 DEBUG Модель эмбеддингов успешно инициализирована.
2025-05-10T23:44:26.311639+0300 DEBUG Проверка наличия файла индекса: db/db_01\index.faiss
2025-05-10T23:44:26.311639+0300 INFO Найдена существующая векторная база данных. Загрузка...
2025-05-10T23:44:26.392406+0300 INFO Векторная база данных успешно загружена.
2025-05-10T23:44:26.392406+0300 INFO База знаний RAG успешно загружена или создана. Бот готов к работе с RAG.
2025-05-10T23:44:26.393405+0300 INFO Бот запускает пуллинг...
2025-05-10T23:44:28.908380+0300 DEBUG Получено текстовое сообщение от 898852116: "📝Рег. несоответствия". Проверка в handle_text.
2025-05-10T23:44:28.908380+0300 DEBUG Получено текстовое сообщение от 898852116: "📝Рег. несоответствия". Проверка в handle_text.
2025-05-10T23:44:28.908975+0300 INFO Пользователь 898852116 нажал 'Рег. несоответствия'.
2025-05-10T23:44:28.909698+0300 INFO Пользователь 898852116 нажал 'Рег. несоответствия'.
2025-05-10T23:44:30.088735+0300 DEBUG Регистрируем next_step_handler для process_act_number для пользователя 898852116
2025-05-10T23:44:30.141706+0300 DEBUG Регистрируем next_step_handler для process_act_number для пользователя 898852116
2025-05-10T23:44:39.751276+0300 DEBUG Получен текст для номера акта от 898852116: "Назад"
2025-05-10T23:44:39.752238+0300 DEBUG Получен текст для номера акта от 898852116: "Назад"
2025-05-10T23:44:39.752414+0300 DEBUG Пользователь 898852116 нажал 'Назад' во время ввода номера акта.
2025-05-10T23:44:39.752414+0300 DEBUG Пользователь 898852116 нажал 'Назад' во время ввода номера акта.
2025-05-10T23:44:39.761564+0300 CRITICAL Критическая ошибка при инициализации базы знаний RAG и запуске бота: 'int' object has no attribute 'chat'
2025-05-10T23:46:56.317350+0300 INFO Бот RPRZBot запущен.
2025-05-10T23:46:56.318351+0300 WARNING Список ADMIN_USER_IDS пуст или некорректен в файле .env! Некоторые команды могут быть недоступны.
2025-05-10T23:46:56.319351+0300 INFO Бот Telegram инициализирован с поддержкой state_storage.
2025-05-10T23:46:56.334351+0300 INFO База данных SQLite 'acts.db' инициализирована.
2025-05-10T23:46:56.334351+0300 INFO Начинаем инициализацию базы знаний RAG перед запуском бота...
2025-05-10T23:46:56.335354+0300 DEBUG Вызвана функция get_or_create_vector_db
2025-05-10T23:46:56.335354+0300 DEBUG Инициализация модели эмбеддингов: sentence-transformers/paraphrase-multilingual-MiniLM-L12-v2
2025-05-10T23:47:12.064687+0300 DEBUG Модель эмбеддингов успешно инициализирована.
2025-05-10T23:47:12.066815+0300 DEBUG Проверка наличия файла индекса: db/db_01\index.faiss
2025-05-10T23:47:12.066815+0300 INFO Найдена существующая векторная база данных. Загрузка...
2025-05-10T23:47:12.155881+0300 INFO Векторная база данных успешно загружена.
2025-05-10T23:47:12.155881+0300 INFO База знаний RAG успешно загружена или создана. Бот готов к работе с RAG.
2025-05-10T23:47:12.155881+0300 INFO Бот запускает пуллинг...
2025-05-10T23:48:26.102229+0300 DEBUG Получено текстовое сообщение от 898852116: "Назад". Проверка в handle_text.
2025-05-10T23:48:26.110216+0300 INFO Пользователь 898852116 нажал 'Назад'.
2025-05-10T23:48:26.194255+0300 CRITICAL Критическая ошибка при инициализации базы знаний RAG и запуске бота: 'int' object has no attribute 'chat'
2025-05-10T23:55:20.777795+0300 INFO Бот RPRZBot запущен.
2025-05-10T23:55:20.780817+0300 WARNING Список ADMIN_USER_IDS пуст или некорректен в файле .env! Некоторые команды могут быть недоступны.
2025-05-10T23:55:20.781794+0300 INFO Бот Telegram инициализирован с поддержкой state_storage.
2025-05-10T23:55:20.794976+0300 INFO База данных SQLite 'acts.db' инициализирована.
2025-05-10T23:55:20.795500+0300 INFO Начинаем инициализацию базы знаний RAG перед запуском бота...
2025-05-10T23:55:20.796019+0300 DEBUG Вызвана функция get_or_create_vector_db
2025-05-10T23:55:20.796019+0300 DEBUG Инициализация модели эмбеддингов: sentence-transformers/paraphrase-multilingual-MiniLM-L12-v2
2025-05-10T23:55:42.251565+0300 DEBUG Модель эмбеддингов успешно инициализирована.
2025-05-10T23:55:42.251565+0300 DEBUG Проверка наличия файла индекса: db/db_01\index.faiss
2025-05-10T23:55:42.251565+0300 INFO Найдена существующая векторная база данных. Загрузка...
2025-05-10T23:55:42.392148+0300 INFO Векторная база данных успешно загружена.
2025-05-10T23:55:42.393148+0300 INFO База знаний RAG успешно загружена или создана. Бот готов к работе с RAG.
2025-05-10T23:55:42.393148+0300 INFO Бот запускает пуллинг...
2025-05-10T23:55:45.100834+0300 DEBUG Получено текстовое сообщение от 898852116: "Назад". Проверка в handle_text.
2025-05-10T23:55:45.101362+0300 INFO Пользователь 898852116 нажал 'Назад'.
2025-05-10T23:55:45.122591+0300 CRITICAL Критическая ошибка при инициализации базы знаний RAG и запуске бота: 'int' object has no attribute 'chat'
2025-05-10T23:57:40.718388+0300 INFO Бот RPRZBot запущен.
2025-05-10T23:57:40.720388+0300 WARNING Список ADMIN_USER_IDS пуст или некорректен в файле .env! Некоторые команды могут быть недоступны.
2025-05-10T23:57:40.721389+0300 INFO Бот Telegram инициализирован с поддержкой state_storage.
2025-05-10T23:57:40.734388+0300 INFO База данных SQLite 'acts.db' инициализирована.
2025-05-10T23:57:40.735389+0300 INFO Начинаем инициализацию базы знаний RAG перед запуском бота...
2025-05-10T23:57:40.735389+0300 DEBUG Вызвана функция get_or_create_vector_db
2025-05-10T23:57:40.735389+0300 DEBUG Инициализация модели эмбеддингов: sentence-transformers/paraphrase-multilingual-MiniLM-L12-v2
2025-05-10T23:57:58.787915+0300 DEBUG Модель эмбеддингов успешно инициализирована.
2025-05-10T23:57:58.788913+0300 DEBUG Проверка наличия файла индекса: db/db_01\index.faiss
2025-05-10T23:57:58.788913+0300 INFO Найдена существующая векторная база данных. Загрузка...
2025-05-10T23:57:58.912243+0300 INFO Векторная база данных успешно загружена.
2025-05-10T23:57:58.913215+0300 INFO База знаний RAG успешно загружена или создана. Бот готов к работе с RAG.
2025-05-10T23:57:58.913215+0300 INFO Бот запускает пуллинг...
2025-05-10T23:58:01.319983+0300 DEBUG Получено текстовое сообщение от 898852116: "Назад". Проверка в handle_text.
2025-05-10T23:58:01.320543+0300 INFO Пользователь 898852116 нажал 'Назад'.
2025-05-10T23:58:01.337233+0300 CRITICAL Критическая ошибка при инициализации базы знаний RAG и запуске бота: 'int' object has no attribute 'chat'
